# JRE version: Java(TM) SE Runtime Environment (7.0_79-b15) (build 1.7.0_79-b15)
# Java VM: Java HotSpot(TM) 64-Bit Server VM (24.79-b02 mixed mode windows-amd64 compressed oops)
Heap
 def new generation   total 7936K, used 5485K [0x00000000bae00000, 0x00000000bb690000, 0x00000000d0350000)
  eden space 7104K,  74% used [0x00000000bae00000, 0x00000000bb32fc00, 0x00000000bb4f0000)
  from space 832K,  21% used [0x00000000bb4f0000, 0x00000000bb51bbb0, 0x00000000bb5c0000)
  to   space 832K,   0% used [0x00000000bb5c0000, 0x00000000bb5c0000, 0x00000000bb690000)
 tenured generation   total 17536K, used 12283K [0x00000000d0350000, 0x00000000d1470000, 0x00000000fae00000)
   the space 17536K,  70% used [0x00000000d0350000, 0x00000000d0f4efa0, 0x00000000d0f4f000, 0x00000000d1470000)
 compacting perm gen  total 21248K, used 7097K [0x00000000fae00000, 0x00000000fc2c0000, 0x0000000100000000)
   the space 21248K,  33% used [0x00000000fae00000, 0x00000000fb4ee4d0, 0x00000000fb4ee600, 0x00000000fc2c0000)
GC Heap History (10 events):
Event: 6.312 GC heap before
{Heap before GC invocations=3 (full 0):
 def new generation   total 7936K, used 7936K [0x00000000bae00000, 0x00000000bb690000, 0x00000000d0350000)
  eden space 7104K, 100% used [0x00000000bae00000, 0x00000000bb4f0000, 0x00000000bb4f0000)
  from space 832K, 100% used [0x00000000bb5c0000, 0x00000000bb690000, 0x00000000bb690000)
  to   space 832K,   0% used [0x00000000bb4f0000, 0x00000000bb4f0000, 0x00000000bb5c0000)
 tenured generation   total 17536K, used 5270K [0x00000000d0350000, 0x00000000d1470000, 0x00000000fae00000)
   the space 17536K,  30% used [0x00000000d0350000, 0x00000000d0875968, 0x00000000d0875a00, 0x00000000d1470000)
 compacting perm gen  total 21248K, used 6488K [0x00000000fae00000, 0x00000000fc2c0000, 0x0000000100000000)
   the space 21248K,  30% used [0x00000000fae00000, 0x00000000fb4562f8, 0x00000000fb456400, 0x00000000fc2c0000)
No shared spaces configured.
Event: 6.332 GC heap after
Heap after GC invocations=4 (full 0):
 def new generation   total 7936K, used 832K [0x00000000bae00000, 0x00000000bb690000, 0x00000000d0350000)
  eden space 7104K,   0% used [0x00000000bae00000, 0x00000000bae00000, 0x00000000bb4f0000)
  from space 832K, 100% used [0x00000000bb4f0000, 0x00000000bb5c0000, 0x00000000bb5c0000)
  to   space 832K,   0% used [0x00000000bb5c0000, 0x00000000bb5c0000, 0x00000000bb690000)
 tenured generation   total 17536K, used 6885K [0x00000000d0350000, 0x00000000d1470000, 0x00000000fae00000)
   the space 17536K,  39% used [0x00000000d0350000, 0x00000000d0a097d0, 0x00000000d0a09800, 0x00000000d1470000)
 compacting perm gen  total 21248K, used 6488K [0x00000000fae00000, 0x00000000fc2c0000, 0x0000000100000000)
   the space 21248K,  30% used [0x00000000fae00000, 0x00000000fb4562f8, 0x00000000fb456400, 0x00000000fc2c0000)
No shared spaces configured.
}
Event: 8.021 GC heap before
{Heap before GC invocations=4 (full 0):
 def new generation   total 7936K, used 7936K [0x00000000bae00000, 0x00000000bb690000, 0x00000000d0350000)
  eden space 7104K, 100% used [0x00000000bae00000, 0x00000000bb4f0000, 0x00000000bb4f0000)
  from space 832K, 100% used [0x00000000bb4f0000, 0x00000000bb5c0000, 0x00000000bb5c0000)
  to   space 832K,   0% used [0x00000000bb5c0000, 0x00000000bb5c0000, 0x00000000bb690000)
 tenured generation   total 17536K, used 6885K [0x00000000d0350000, 0x00000000d1470000, 0x00000000fae00000)
   the space 17536K,  39% used [0x00000000d0350000, 0x00000000d0a097d0, 0x00000000d0a09800, 0x00000000d1470000)
 compacting perm gen  total 21248K, used 7055K [0x00000000fae00000, 0x00000000fc2c0000, 0x0000000100000000)
   the space 21248K,  33% used [0x00000000fae00000, 0x00000000fb4e3ec8, 0x00000000fb4e4000, 0x00000000fc2c0000)
No shared spaces configured.
Event: 8.036 GC heap after
Heap after GC invocations=5 (full 0):
 def new generation   total 7936K, used 730K [0x00000000bae00000, 0x00000000bb690000, 0x00000000d0350000)
  eden space 7104K,   0% used [0x00000000bae00000, 0x00000000bae00000, 0x00000000bb4f0000)
  from space 832K,  87% used [0x00000000bb5c0000, 0x00000000bb6769c8, 0x00000000bb690000)
  to   space 832K,   0% used [0x00000000bb4f0000, 0x00000000bb4f0000, 0x00000000bb5c0000)
 tenured generation   total 17536K, used 8080K [0x00000000d0350000, 0x00000000d1470000, 0x00000000fae00000)
   the space 17536K,  46% used [0x00000000d0350000, 0x00000000d0b34278, 0x00000000d0b34400, 0x00000000d1470000)
 compacting perm gen  total 21248K, used 7055K [0x00000000fae00000, 0x00000000fc2c0000, 0x0000000100000000)
   the space 21248K,  33% used [0x00000000fae00000, 0x00000000fb4e3ec8, 0x00000000fb4e4000, 0x00000000fc2c0000)
No shared spaces configured.
}
Event: 8.995 GC heap before
{Heap before GC invocations=5 (full 0):
 def new generation   total 7936K, used 7834K [0x00000000bae00000, 0x00000000bb690000, 0x00000000d0350000)
  eden space 7104K, 100% used [0x00000000bae00000, 0x00000000bb4f0000, 0x00000000bb4f0000)
  from space 832K,  87% used [0x00000000bb5c0000, 0x00000000bb6769c8, 0x00000000bb690000)
  to   space 832K,   0% used [0x00000000bb4f0000, 0x00000000bb4f0000, 0x00000000bb5c0000)
 tenured generation   total 17536K, used 8080K [0x00000000d0350000, 0x00000000d1470000, 0x00000000fae00000)
   the space 17536K,  46% used [0x00000000d0350000, 0x00000000d0b34278, 0x00000000d0b34400, 0x00000000d1470000)
 compacting perm gen  total 21248K, used 7075K [0x00000000fae00000, 0x00000000fc2c0000, 0x0000000100000000)
   the space 21248K,  33% used [0x00000000fae00000, 0x00000000fb4e8f30, 0x00000000fb4e9000, 0x00000000fc2c0000)
No shared spaces configured.
Event: 9.007 GC heap after
Heap after GC invocations=6 (full 0):
 def new generation   total 7936K, used 794K [0x00000000bae00000, 0x00000000bb690000, 0x00000000d0350000)
  eden space 7104K,   0% used [0x00000000bae00000, 0x00000000bae00000, 0x00000000bb4f0000)
  from space 832K,  95% used [0x00000000bb4f0000, 0x00000000bb5b6ad8, 0x00000000bb5c0000)
  to   space 832K,   0% used [0x00000000bb5c0000, 0x00000000bb5c0000, 0x00000000bb690000)
 tenured generation   total 17536K, used 9958K [0x00000000d0350000, 0x00000000d1470000, 0x00000000fae00000)
   the space 17536K,  56% used [0x00000000d0350000, 0x00000000d0d09ae0, 0x00000000d0d09c00, 0x00000000d1470000)
 compacting perm gen  total 21248K, used 7075K [0x00000000fae00000, 0x00000000fc2c0000, 0x0000000100000000)
   the space 21248K,  33% used [0x00000000fae00000, 0x00000000fb4e8f30, 0x00000000fb4e9000, 0x00000000fc2c0000)
No shared spaces configured.
}
Event: 9.945 GC heap before
{Heap before GC invocations=6 (full 0):
 def new generation   total 7936K, used 7898K [0x00000000bae00000, 0x00000000bb690000, 0x00000000d0350000)
  eden space 7104K, 100% used [0x00000000bae00000, 0x00000000bb4f0000, 0x00000000bb4f0000)
  from space 832K,  95% used [0x00000000bb4f0000, 0x00000000bb5b6ad8, 0x00000000bb5c0000)
  to   space 832K,   0% used [0x00000000bb5c0000, 0x00000000bb5c0000, 0x00000000bb690000)
 tenured generation   total 17536K, used 9958K [0x00000000d0350000, 0x00000000d1470000, 0x00000000fae00000)
   the space 17536K,  56% used [0x00000000d0350000, 0x00000000d0d09ae0, 0x00000000d0d09c00, 0x00000000d1470000)
 compacting perm gen  total 21248K, used 7092K [0x00000000fae00000, 0x00000000fc2c0000, 0x0000000100000000)
   the space 21248K,  33% used [0x00000000fae00000, 0x00000000fb4ed128, 0x00000000fb4ed200, 0x00000000fc2c0000)
No shared spaces configured.
Event: 9.952 GC heap after
Heap after GC invocations=7 (full 0):
 def new generation   total 7936K, used 231K [0x00000000bae00000, 0x00000000bb690000, 0x00000000d0350000)
  eden space 7104K,   0% used [0x00000000bae00000, 0x00000000bae00000, 0x00000000bb4f0000)
  from space 832K,  27% used [0x00000000bb5c0000, 0x00000000bb5f9ed0, 0x00000000bb690000)
  to   space 832K,   0% used [0x00000000bb4f0000, 0x00000000bb4f0000, 0x00000000bb5c0000)
 tenured generation   total 17536K, used 10752K [0x00000000d0350000, 0x00000000d1470000, 0x00000000fae00000)
   the space 17536K,  61% used [0x00000000d0350000, 0x00000000d0dd0250, 0x00000000d0dd0400, 0x00000000d1470000)
 compacting perm gen  total 21248K, used 7092K [0x00000000fae00000, 0x00000000fc2c0000, 0x0000000100000000)
   the space 21248K,  33% used [0x00000000fae00000, 0x00000000fb4ed128, 0x00000000fb4ed200, 0x00000000fc2c0000)
No shared spaces configured.
}
Event: 10.278 GC heap before
{Heap before GC invocations=7 (full 0):
 def new generation   total 7936K, used 5503K [0x00000000bae00000, 0x00000000bb690000, 0x00000000d0350000)
  eden space 7104K,  74% used [0x00000000bae00000, 0x00000000bb325e68, 0x00000000bb4f0000)
  from space 832K,  27% used [0x00000000bb5c0000, 0x00000000bb5f9ed0, 0x00000000bb690000)
  to   space 832K,   0% used [0x00000000bb4f0000, 0x00000000bb4f0000, 0x00000000bb5c0000)
 tenured generation   total 17536K, used 10752K [0x00000000d0350000, 0x00000000d1470000, 0x00000000fae00000)
   the space 17536K,  61% used [0x00000000d0350000, 0x00000000d0dd0250, 0x00000000d0dd0400, 0x00000000d1470000)
 compacting perm gen  total 21248K, used 7097K [0x00000000fae00000, 0x00000000fc2c0000, 0x0000000100000000)
   the space 21248K,  33% used [0x00000000fae00000, 0x00000000fb4ee4d0, 0x00000000fb4ee600, 0x00000000fc2c0000)
No shared spaces configured.
Event: 10.288 GC heap after
Heap after GC invocations=8 (full 0):
 def new generation   total 7936K, used 174K [0x00000000bae00000, 0x00000000bb690000, 0x00000000d0350000)
  eden space 7104K,   0% used [0x00000000bae00000, 0x00000000bae00000, 0x00000000bb4f0000)
  from space 832K,  21% used [0x00000000bb4f0000, 0x00000000bb51bbb0, 0x00000000bb5c0000)
  to   space 832K,   0% used [0x00000000bb5c0000, 0x00000000bb5c0000, 0x00000000bb690000)
 tenured generation   total 17536K, used 12283K [0x00000000d0350000, 0x00000000d1470000, 0x00000000fae00000)
   the space 17536K,  70% used [0x00000000d0350000, 0x00000000d0f4efa0, 0x00000000d0f4f000, 0x00000000d1470000)
 compacting perm gen  total 21248K, used 7097K [0x00000000fae00000, 0x00000000fc2c0000, 0x0000000100000000)
   the space 21248K,  33% used [0x00000000fae00000, 0x00000000fb4ee4d0, 0x00000000fb4ee600, 0x00000000fc2c0000)
No shared spaces configured.
}

